ExceptionCode=EEDFADE
ExceptionFlags=81
Address=00007FF9FBE4782A
Datetime=2026/01/02 17:03:41.918
CurrentThread=15992
ThreadStartAddress=00007FF7339612A0
Unknown exception at address=00007FF9FBE4782A
0000000000B27858
0000000000B29F89
00007FF9FE5B2D26
00007FF9FE5B20F6
00007FF9FE5AA961
00007FF9FBE4782A
0000000000990185
0000000000410AD3
0000000000410AF1
00000000004A9B4F
00000000004A9992
00000000004AA5BC
0000000000C20477
0000000001A4A62B
00007FF9E8F24771
00007FF9E8F24493
00007FF9E8F242C2
00007FF9D7042D32
00007FF9D7042967
00007FF9D7042557
00007FF952CB2623
00007FF952CB1F85
00007FF952CB7081
00007FF952D33C01
00007FF952D33ABB
00007FF952EEA41E
00007FF952CB8638
00007FF952D33C01
00007FF952D33ABB
00007FF952EEA41E
00007FF952CB8638
00007FF952D33C01
00007FF952EE9E34
00007FF952EE05CD
00007FF9DE136FCB
00007FF9DE13693A
00007FF952CE96AF
00007FF952F18208
00007FF952F184E8
00007FF952D0D536
00007FF952D04145
00007FF952D0408F
00007FF952CB9A9A
00007FF952CE8E20
00007FF952D8E746
00007FF952D8E651
00007FF952D8E184
00007FF952D8CE35
00007FF952D16EE5
00007FF952D1729C
00007FF952D17903
00007FF952D176E0
00007FF952D17687
00007FF733961230
00007FF9FCC9E8D7
00007FF9FE62C53C
###########################################
ExceptionCode=EEDFADE
ExceptionFlags=81
Address=00007FF9FBE4782A
Datetime=2026/01/02 17:03:41.919
CurrentThread=15992
ThreadStartAddress=00007FF7339612A0
Unknown exception at address=00007FF9FBE4782A
0000000000B27858
0000000000B29F89
00007FF9FE5B2D26
00007FF9FE5B20F6
00007FF9FE5AA961
00007FF9FBE4782A
0000000000990185
0000000000410AD3
0000000000410B38
00000000004A9C6A
00000000004A9992
00000000004AA5BC
0000000000C20477
0000000001A4A62B
00007FF9E8F24771
00007FF9E8F24493
00007FF9E8F242C2
00007FF9D7042D32
00007FF9D7042967
00007FF9D7042557
00007FF952CB2623
00007FF952CB1F85
00007FF952CB7081
00007FF952D33C01
00007FF952D33ABB
00007FF952EEA41E
00007FF952CB8638
00007FF952D33C01
00007FF952D33ABB
00007FF952EEA41E
00007FF952CB8638
00007FF952D33C01
00007FF952EE9E34
00007FF952EE05CD
00007FF9DE136FCB
00007FF9DE13693A
00007FF952CE96AF
00007FF952F18208
00007FF952F184E8
00007FF952D0D536
00007FF952D04145
00007FF952D0408F
00007FF952CB9A9A
00007FF952CE8E20
00007FF952D8E746
00007FF952D8E651
00007FF952D8E184
00007FF952D8CE35
00007FF952D16EE5
00007FF952D1729C
00007FF952D17903
00007FF952D176E0
00007FF952D17687
00007FF733961230
00007FF9FCC9E8D7
00007FF9FE62C53C
###########################################
ExceptionCode=EEDFADE
ExceptionFlags=81
Address=00007FF9FBE4782A
Datetime=2026/01/02 17:03:41.919
CurrentThread=15992
ThreadStartAddress=00007FF7339612A0
Unknown exception at address=00007FF9FBE4782A
0000000000B27858
0000000000B29F89
00007FF9FE5B2D26
00007FF9FE5B20F6
00007FF9FE5AA961
00007FF9FBE4782A
0000000000990185
0000000000410AD3
0000000000410B38
00000000004A99D4
00000000004AA5BC
0000000000C20477
0000000001A4A62B
00007FF9E8F24771
00007FF9E8F24493
00007FF9E8F242C2
00007FF9D7042D32
00007FF9D7042967
00007FF9D7042557
00007FF952CB2623
00007FF952CB1F85
00007FF952CB7081
00007FF952D33C01
00007FF952D33ABB
00007FF952EEA41E
00007FF952CB8638
00007FF952D33C01
00007FF952D33ABB
00007FF952EEA41E
00007FF952CB8638
00007FF952D33C01
00007FF952EE9E34
00007FF952EE05CD
00007FF9DE136FCB
00007FF9DE13693A
00007FF952CE96AF
00007FF952F18208
00007FF952F184E8
00007FF952D0D536
00007FF952D04145
00007FF952D0408F
00007FF952CB9A9A
00007FF952CE8E20
00007FF952D8E746
00007FF952D8E651
00007FF952D8E184
00007FF952D8CE35
00007FF952D16EE5
00007FF952D1729C
00007FF952D17903
00007FF952D176E0
00007FF952D17687
00007FF733961230
00007FF9FCC9E8D7
00007FF9FE62C53C
###########################################
ExceptionCode=EEDFADE
ExceptionFlags=81
Address=00007FF9FBE4782A
Datetime=2026/01/02 17:03:41.920
CurrentThread=15992
ThreadStartAddress=00007FF7339612A0
Unknown exception at address=00007FF9FBE4782A
0000000000B27858
0000000000B29F89
00007FF9FE5B2D26
00007FF9FE5B20F6
00007FF9FE5AA961
00007FF9FBE4782A
0000000000990185
0000000000410AD3
0000000000410AF1
00000000004A9B4F
00000000004A9992
00000000004AA5BC
0000000000C20477
0000000001A4A62B
00007FF9E8F24771
00007FF9E8F24493
00007FF9E8F242C2
00007FF9D7042D32
00007FF9D7042967
00007FF9D7042557
00007FF952CB2623
00007FF952CB1F85
00007FF952CB7081
00007FF952D33C01
00007FF952D33ABB
00007FF952EEA41E
00007FF952CB8638
00007FF952D33C01
00007FF952D33ABB
00007FF952EEA41E
00007FF952CB8638
00007FF952D33C01
00007FF952EE9E34
00007FF952EE05CD
00007FF9DE136FCB
00007FF9DE13693A
00007FF952CE96AF
00007FF952F18208
00007FF952F184E8
00007FF952D0D536
00007FF952D04145
00007FF952D0408F
00007FF952CB9A9A
00007FF952CE8E20
00007FF952D8E746
00007FF952D8E651
00007FF952D8E184
00007FF952D8CE35
00007FF952D16EE5
00007FF952D1729C
00007FF952D17903
00007FF952D176E0
00007FF952D17687
00007FF733961230
00007FF9FCC9E8D7
00007FF9FE62C53C
###########################################
ExceptionCode=EEDFADE
ExceptionFlags=81
Address=00007FF9FBE4782A
Datetime=2026/01/02 17:03:41.920
CurrentThread=15992
ThreadStartAddress=00007FF7339612A0
Unknown exception at address=00007FF9FBE4782A
0000000000B27858
0000000000B29F89
00007FF9FE5B2D26
00007FF9FE5B20F6
00007FF9FE5AA961
00007FF9FBE4782A
0000000000990185
0000000000410AD3
0000000000410B38
00000000004A9C6A
00000000004A9992
00000000004AA5BC
0000000000C20477
0000000001A4A62B
00007FF9E8F24771
00007FF9E8F24493
00007FF9E8F242C2
00007FF9D7042D32
00007FF9D7042967
00007FF9D7042557
00007FF952CB2623
00007FF952CB1F85
00007FF952CB7081
00007FF952D33C01
00007FF952D33ABB
00007FF952EEA41E
00007FF952CB8638
00007FF952D33C01
00007FF952D33ABB
00007FF952EEA41E
00007FF952CB8638
00007FF952D33C01
00007FF952EE9E34
00007FF952EE05CD
00007FF9DE136FCB
00007FF9DE13693A
00007FF952CE96AF
00007FF952F18208
00007FF952F184E8
00007FF952D0D536
00007FF952D04145
00007FF952D0408F
00007FF952CB9A9A
00007FF952CE8E20
00007FF952D8E746
00007FF952D8E651
00007FF952D8E184
00007FF952D8CE35
00007FF952D16EE5
00007FF952D1729C
00007FF952D17903
00007FF952D176E0
00007FF952D17687
00007FF733961230
00007FF9FCC9E8D7
00007FF9FE62C53C
###########################################
ExceptionCode=EEDFADE
ExceptionFlags=81
Address=00007FF9FBE4782A
Datetime=2026/01/02 17:03:41.920
CurrentThread=15992
ThreadStartAddress=00007FF7339612A0
Unknown exception at address=00007FF9FBE4782A
0000000000B27858
0000000000B29F89
00007FF9FE5B2D26
00007FF9FE5B20F6
00007FF9FE5AA961
00007FF9FBE4782A
0000000000990185
0000000000410AD3
0000000000410B38
00000000004A99D4
00000000004AA5BC
0000000000C20477
0000000001A4A62B
00007FF9E8F24771
00007FF9E8F24493
00007FF9E8F242C2
00007FF9D7042D32
00007FF9D7042967
00007FF9D7042557
00007FF952CB2623
00007FF952CB1F85
00007FF952CB7081
00007FF952D33C01
00007FF952D33ABB
00007FF952EEA41E
00007FF952CB8638
00007FF952D33C01
00007FF952D33ABB
00007FF952EEA41E
00007FF952CB8638
00007FF952D33C01
00007FF952EE9E34
00007FF952EE05CD
00007FF9DE136FCB
00007FF9DE13693A
00007FF952CE96AF
00007FF952F18208
00007FF952F184E8
00007FF952D0D536
00007FF952D04145
00007FF952D0408F
00007FF952CB9A9A
00007FF952CE8E20
00007FF952D8E746
00007FF952D8E651
00007FF952D8E184
00007FF952D8CE35
00007FF952D16EE5
00007FF952D1729C
00007FF952D17903
00007FF952D176E0
00007FF952D17687
00007FF733961230
00007FF9FCC9E8D7
00007FF9FE62C53C
###########################################
ExceptionCode=EEDFADE
ExceptionFlags=81
Address=00007FF9FBE4782A
Datetime=2026/01/02 17:03:41.940
CurrentThread=16388
ThreadStartAddress=00000000004119A0
Unknown exception at address=00007FF9FBE4782A
0000000000B27858
0000000000B29F89
00007FF9FE5B2D26
00007FF9FE5B20F6
00007FF9FE5AA961
00007FF9FBE4782A
0000000000990185
0000000000410AD3
0000000000410AF1
00000000004A9BEA
00000000004A9E3C
00000000004A9D68
0000000000B6F551
0000000000B6F053
00000000004BAC13
00000000004119DD
00007FF9FCC9E8D7
00007FF9FE62C53C
###########################################
ExceptionCode=EEDFADE
ExceptionFlags=81
Address=00007FF9FBE4782A
Datetime=2026/01/02 17:03:41.941
CurrentThread=16388
ThreadStartAddress=00000000004119A0
Unknown exception at address=00007FF9FBE4782A
0000000000B27858
0000000000B29F89
00007FF9FE5B2D26
00007FF9FE5B20F6
00007FF9FE5AA961
00007FF9FBE4782A
0000000000990185
0000000000410AD3
0000000000410B38
00000000004A9C6A
00000000004A9E3C
00000000004A9D68
0000000000B6F551
0000000000B6F053
00000000004BAC13
00000000004119DD
00007FF9FCC9E8D7
00007FF9FE62C53C
###########################################
ExceptionCode=EEDFADE
ExceptionFlags=81
Address=00007FF9FBE4782A
Datetime=2026/01/02 17:03:41.941
CurrentThread=16388
ThreadStartAddress=00000000004119A0
Unknown exception at address=00007FF9FBE4782A
0000000000B27858
0000000000B29F89
00007FF9FE5B2D26
00007FF9FE5B20F6
00007FF9FE5AA961
00007FF9FBE4782A
0000000000990185
0000000000410AD3
0000000000410B38
00000000004A9EAE
00000000004A9D68
0000000000B6F551
0000000000B6F053
00000000004BAC13
00000000004119DD
00007FF9FCC9E8D7
00007FF9FE62C53C
###########################################
ExceptionCode=EEDFADE
ExceptionFlags=81
Address=00007FF9FBE4782A
Datetime=2026/01/02 17:03:41.942
CurrentThread=16388
ThreadStartAddress=00000000004119A0
Unknown exception at address=00007FF9FBE4782A
0000000000B27858
0000000000B29F89
00007FF9FE5B2D26
00007FF9FE5B20F6
00007FF9FE5AA961
00007FF9FBE4782A
0000000000990185
0000000000410AD3
0000000000410B38
00000000004A9DAA
0000000000B6F551
0000000000B6F053
00000000004BAC13
00000000004119DD
00007FF9FCC9E8D7
00007FF9FE62C53C
###########################################
ExceptionCode=EEDFADE
ExceptionFlags=81
Address=00007FF9FBE4782A
Datetime=2026/01/02 17:10:53.226
CurrentThread=5736
ThreadStartAddress=00000000004119A0
Unknown exception at address=00007FF9FBE4782A
0000000000B27858
0000000000B29F89
00007FF9FE5B2D26
00007FF9FE5B20F6
00007FF9FE5AA961
00007FF9FBE4782A
0000000000990185
0000000000410AD3
0000000000410AF1
000000000070BB77
000000000070EB2B
000000000073ABD0
0000000000716C00
0000000000719C0F
0000000000F9A36F
0000000000F98EA1
00000000010C0D54
0000000000F98959
00000000004BAC13
00000000004119DD
00007FF9FCC9E8D7
00007FF9FE62C53C
###########################################
ExceptionCode=EEDFADE
ExceptionFlags=81
Address=00007FF9FBE4782A
Datetime=2026/01/02 17:12:30.047
CurrentThread=5736
ThreadStartAddress=00000000004119A0
Unknown exception at address=00007FF9FBE4782A
0000000000B27858
0000000000B29F89
00007FF9FE5B2D26
00007FF9FE5B20F6
00007FF9FE5AA961
00007FF9FBE4782A
0000000000990185
0000000000410AD3
0000000000410AF1
000000000070BB77
000000000070EB2B
000000000073ABD0
0000000000716C00
0000000000719C0F
0000000000F9A36F
0000000000F98EA1
00000000010C0D54
0000000000F98959
00000000004BAC13
00000000004119DD
00007FF9FCC9E8D7
00007FF9FE62C53C
###########################################
ExceptionCode=EEDFADE
ExceptionFlags=81
Address=00007FF9FBE4782A
Datetime=2026/01/02 17:13:14.484
CurrentThread=15764
ThreadStartAddress=00000000004119A0
Unknown exception at address=00007FF9FBE4782A
0000000000B27858
0000000000B29F89
00007FF9FE5B2D26
00007FF9FE5B20F6
00007FF9FE5AA961
00007FF9FBE4782A
0000000000990185
0000000000410AD3
0000000000410AF1
000000000070BB77
000000000070EB2B
000000000073ABD0
0000000000716C00
0000000000719C0F
0000000000F9A36F
0000000000F98EA1
00000000010C0D54
0000000000F98959
00000000004BAC13
00000000004119DD
00007FF9FCC9E8D7
00007FF9FE62C53C
###########################################
ExceptionCode=EEDFADE
ExceptionFlags=81
Address=00007FF9FBE4782A
Datetime=2026/01/02 17:20:59.507
CurrentThread=5736
ThreadStartAddress=00000000004119A0
Unknown exception at address=00007FF9FBE4782A
0000000000B27858
0000000000B29F89
00007FF9FE5B2D26
00007FF9FE5B20F6
00007FF9FE5AA961
00007FF9FBE4782A
0000000000990185
0000000000410AD3
0000000000410AF1
000000000070BB77
000000000070EB2B
000000000073ABD0
0000000000716C00
0000000000719C0F
0000000000F9A36F
0000000000F98EA1
00000000010C0D54
0000000000F98959
00000000004BAC13
00000000004119DD
00007FF9FCC9E8D7
00007FF9FE62C53C
###########################################
ExceptionCode=EEDFADE
ExceptionFlags=81
Address=00007FF9FBE4782A
Datetime=2026/01/02 17:21:58.515
CurrentThread=5736
ThreadStartAddress=00000000004119A0
Unknown exception at address=00007FF9FBE4782A
0000000000B27858
0000000000B29F89
00007FF9FE5B2D26
00007FF9FE5B20F6
00007FF9FE5AA961
00007FF9FBE4782A
0000000000990185
0000000000410AD3
0000000000410AF1
000000000070BB77
000000000070EB2B
000000000073ABD0
0000000000716C00
0000000000719C0F
0000000000F9A36F
0000000000F98EA1
00000000010C0D54
0000000000F98959
00000000004BAC13
00000000004119DD
00007FF9FCC9E8D7
00007FF9FE62C53C
###########################################
ExceptionCode=EEDFADE
ExceptionFlags=81
Address=00007FF9FBE4782A
Datetime=2026/01/02 17:31:09.716
CurrentThread=15764
ThreadStartAddress=00000000004119A0
Unknown exception at address=00007FF9FBE4782A
0000000000B27858
0000000000B29F89
00007FF9FE5B2D26
00007FF9FE5B20F6
00007FF9FE5AA961
00007FF9FBE4782A
0000000000990185
0000000000410AD3
0000000000410AF1
000000000070BB77
000000000070EB2B
000000000073ABD0
0000000000716C00
0000000000719C0F
0000000000F9A36F
0000000000F98EA1
00000000010C0D54
0000000000F98959
00000000004BAC13
00000000004119DD
00007FF9FCC9E8D7
00007FF9FE62C53C
###########################################
ExceptionCode=EEDFADE
ExceptionFlags=81
Address=00007FF9FBE4782A
Datetime=2026/01/02 17:36:45.122
CurrentThread=5736
ThreadStartAddress=00000000004119A0
Unknown exception at address=00007FF9FBE4782A
0000000000B27858
0000000000B29F89
00007FF9FE5B2D26
00007FF9FE5B20F6
00007FF9FE5AA961
00007FF9FBE4782A
0000000000990185
0000000000410AD3
0000000000410AF1
000000000070BB77
000000000070EB2B
000000000073ABD0
0000000000716C00
0000000000719C0F
0000000000F9A36F
0000000000F98EA1
00000000010C0D54
0000000000F98959
00000000004BAC13
00000000004119DD
00007FF9FCC9E8D7
00007FF9FE62C53C
###########################################
ExceptionCode=EEDFADE
ExceptionFlags=81
Address=00007FF9FBE4782A
Datetime=2026/01/02 17:41:18.571
CurrentThread=5736
ThreadStartAddress=00000000004119A0
Unknown exception at address=00007FF9FBE4782A
0000000000B27858
0000000000B29F89
00007FF9FE5B2D26
00007FF9FE5B20F6
00007FF9FE5AA961
00007FF9FBE4782A
0000000000990185
0000000000410AD3
0000000000410AF1
000000000070BB77
000000000070EB2B
000000000073ABD0
0000000000716C00
0000000000719C0F
0000000000F9A36F
0000000000F98EA1
00000000010C0D54
0000000000F98959
00000000004BAC13
00000000004119DD
00007FF9FCC9E8D7
00007FF9FE62C53C
###########################################
ExceptionCode=EEDFADE
ExceptionFlags=81
Address=00007FF9FBE4782A
Datetime=2026/01/02 17:58:10.515
CurrentThread=15764
ThreadStartAddress=00000000004119A0
Unknown exception at address=00007FF9FBE4782A
0000000000B27858
0000000000B29F89
00007FF9FE5B2D26
00007FF9FE5B20F6
00007FF9FE5AA961
00007FF9FBE4782A
0000000000990185
0000000000410AD3
0000000000410AF1
000000000070BB77
000000000070EB2B
000000000073ABD0
0000000000716C00
0000000000719C0F
0000000000F9A36F
0000000000F98EA1
00000000010C0D54
0000000000F98959
00000000004BAC13
00000000004119DD
00007FF9FCC9E8D7
00007FF9FE62C53C
###########################################
ExceptionCode=EEDFADE
ExceptionFlags=81
Address=00007FF9FBE4782A
Datetime=2026/01/02 18:01:08.322
CurrentThread=15764
ThreadStartAddress=00000000004119A0
Unknown exception at address=00007FF9FBE4782A
0000000000B27858
0000000000B29F89
00007FF9FE5B2D26
00007FF9FE5B20F6
00007FF9FE5AA961
00007FF9FBE4782A
0000000000990185
0000000000410AD3
0000000000410AF1
000000000070BB77
000000000070EB2B
000000000073ABD0
0000000000716C00
0000000000719C0F
0000000000F9A36F
0000000000F98EA1
00000000010C0D54
0000000000F98959
00000000004BAC13
00000000004119DD
00007FF9FCC9E8D7
00007FF9FE62C53C
###########################################
ExceptionCode=EEDFADE
ExceptionFlags=81
Address=00007FF9FBE4782A
Datetime=2026/01/02 18:11:31.523
CurrentThread=5736
ThreadStartAddress=00000000004119A0
Unknown exception at address=00007FF9FBE4782A
0000000000B27858
0000000000B29F89
00007FF9FE5B2D26
00007FF9FE5B20F6
00007FF9FE5AA961
00007FF9FBE4782A
0000000000990185
0000000000410AD3
0000000000410AF1
000000000070BB77
000000000070EB2B
000000000073ABD0
0000000000716C00
0000000000719C0F
0000000000F9A36F
0000000000F98EA1
00000000010C0D54
0000000000F98959
00000000004BAC13
00000000004119DD
00007FF9FCC9E8D7
00007FF9FE62C53C
###########################################
ExceptionCode=EEDFADE
ExceptionFlags=81
Address=00007FF9FBE4782A
Datetime=2026/01/02 18:16:09.376
CurrentThread=15764
ThreadStartAddress=00000000004119A0
Unknown exception at address=00007FF9FBE4782A
0000000000B27858
0000000000B29F89
00007FF9FE5B2D26
00007FF9FE5B20F6
00007FF9FE5AA961
00007FF9FBE4782A
0000000000990185
0000000000410AD3
0000000000410AF1
000000000070BB77
000000000070EB2B
000000000073ABD0
0000000000716C00
0000000000719C0F
0000000000F9A36F
0000000000F98EA1
00000000010C0D54
0000000000F98959
00000000004BAC13
00000000004119DD
00007FF9FCC9E8D7
00007FF9FE62C53C
###########################################
ExceptionCode=EEDFADE
ExceptionFlags=81
Address=00007FF9FBE4782A
Datetime=2026/01/02 18:19:55.306
CurrentThread=5736
ThreadStartAddress=00000000004119A0
Unknown exception at address=00007FF9FBE4782A
0000000000B27858
0000000000B29F89
00007FF9FE5B2D26
00007FF9FE5B20F6
00007FF9FE5AA961
00007FF9FBE4782A
0000000000990185
0000000000410AD3
0000000000410AF1
000000000070BB77
000000000070EB2B
000000000073ABD0
0000000000716C00
0000000000719C0F
0000000000F9A36F
0000000000F98EA1
00000000010C0D54
0000000000F98959
00000000004BAC13
00000000004119DD
00007FF9FCC9E8D7
00007FF9FE62C53C
###########################################
